<?xml version="1.0" encoding="UTF-8"?>
<!-- Generated by org.testng.reporters.JUnitReportReporter -->
<testsuite hostname="NSUS-TAB03" failures="0" tests="1" name="testClassTNG.ActTCreaterCustomerAndLogout" time="14.050" errors="0" timestamp="08 Sep 2020 03:57:06 GMT" skipped="0">
  <testcase classname="testClassTNG.ActTCreaterCustomerAndLogout" name="CreateCustomer" time="14.050"/>
</testsuite> <!-- testClassTNG.ActTCreaterCustomerAndLogout -->
