<?xml version="1.0" encoding="UTF-8"?>
<!-- Generated by org.testng.reporters.JUnitReportReporter -->
<testsuite hostname="NSUS-TAB03" failures="0" tests="1" name="testClassTNG.CreateTypeofWorkAndLogout" time="16.208" errors="0" timestamp="08 Sep 2020 03:52:14 GMT" skipped="0">
  <testcase classname="testClassTNG.CreateTypeofWorkAndLogout" name="CreateType" time="16.208"/>
</testsuite> <!-- testClassTNG.CreateTypeofWorkAndLogout -->
