<?xml version="1.0" encoding="UTF-8"?>
<!-- Generated by org.testng.reporters.JUnitReportReporter -->
<testsuite hostname="NSUS-TAB03" failures="0" tests="1" name="testClassTNG.DeleteTypeWorkandLogout" time="12.473" errors="0" timestamp="08 Sep 2020 03:52:15 GMT" skipped="0">
  <testcase classname="testClassTNG.DeleteTypeWorkandLogout" name="DeleteTpe" time="12.473"/>
</testsuite> <!-- testClassTNG.DeleteTypeWorkandLogout -->
